BT_2023_01_13/app/build/intermediates/manifest_merge_blame_file/debug/manifest-merger-blame-debug-report.txt
1<?xml version="1.0" encoding="utf-8"?>
2<manifest xmlns:android="http://schemas.android.com/apk/res/android"
3    package="com.example.bt_2023_01_13"
4    android:versionCode="1"
5    android:versionName="1.0" >
6
7    <uses-sdk
8        android:minSdkVersion="24"
8-->src\main\AndroidManifest.xml
9        android:targetSdkVersion="32" />
9-->src\main\AndroidManifest.xml
10
11    <application
11-->src\main\AndroidManifest.xml:4:5-17:19
12        android:allowBackup="true"
12-->src\main\AndroidManifest.xml:4:18-44
13        android:appComponentFactory="android.support.v4.app.CoreComponentFactory"
13-->[com.android.support:support-compat:28.0.0] AndroidManifest.xml:22:18-91
14        android:dataExtractionRules="@xml/data_extraction_rules"
14-->src\main\AndroidManifest.xml:4:45-101
15        android:debuggable="true"
16        android:extractNativeLibs="false"
17        android:fullBackupContent="@xml/backup_rules"
17-->src\main\AndroidManifest.xml:5:9-54
18        android:icon="@mipmap/ic_launcher"
18-->src\main\AndroidManifest.xml:5:55-89
19        android:label="@string/app_name"
19-->src\main\AndroidManifest.xml:6:9-41
20        android:roundIcon="@mipmap/ic_launcher_round"
20-->src\main\AndroidManifest.xml:6:42-87
21        android:supportsRtl="true"
21-->src\main\AndroidManifest.xml:6:88-114
22        android:testOnly="true"
23        android:theme="@style/Theme.BT_2023_01_13" >
23-->src\main\AndroidManifest.xml:7:9-51
24        <activity
24-->src\main\AndroidManifest.xml:8:9-16:20
25            android:name="com.example.bt_2023_01_13.MainActivity"
25-->src\main\AndroidManifest.xml:8:19-47
26            android:exported="true" >
26-->src\main\AndroidManifest.xml:8:48-71
27            <intent-filter>
27-->src\main\AndroidManifest.xml:9:13-13:29
28                <action android:name="android.intent.action.MAIN" />
28-->src\main\AndroidManifest.xml:10:17-69
28-->src\main\AndroidManifest.xml:10:25-66
29
30                <category android:name="android.intent.category.LAUNCHER" />
30-->src\main\AndroidManifest.xml:12:17-77
30-->src\main\AndroidManifest.xml:12:27-74
31            </intent-filter>
32
33            <meta-data
33-->src\main\AndroidManifest.xml:15:13-79
34                android:name="android.app.lib_name"
34-->src\main\AndroidManifest.xml:15:24-59
35                android:value="" />
35-->src\main\AndroidManifest.xml:15:60-76
36        </activity>
37    </application>
38
39</manifest>